Using pre-set license
Built from '2022.3/release' branch; Version is '2022.3.18f1 (d29bea25151d) revision 13802474'; Using compiler version '192829333'; Build Type 'Release'
OS: 'Windows 10  (10.0.19044) 64bit CoreSingleLanguage' Language: 'fr' Physical Memory: 16061 MB
BatchMode: 1, IsHumanControllingUs: 0, StartBugReporterOnCrash: 0, Is64bit: 1, IsPro: 1

COMMAND LINE ARGUMENTS:
C:\Program Files\Unity\Hub\Editor\2022.3.18f1\Editor\Unity.exe
-adb2
-batchMode
-noUpm
-name
AssetImportWorker4
-projectPath
D:/stuff/street
-logFile
Logs/AssetImportWorker4.log
-srvPort
55609
Successfully changed project path to: D:/stuff/street
D:/stuff/street
[UnityMemory] Configuration Parameters - Can be set up in boot.config
    "memorysetup-bucket-allocator-granularity=16"
    "memorysetup-bucket-allocator-bucket-count=8"
    "memorysetup-bucket-allocator-block-size=33554432"
    "memorysetup-bucket-allocator-block-count=8"
    "memorysetup-main-allocator-block-size=16777216"
    "memorysetup-thread-allocator-block-size=16777216"
    "memorysetup-gfx-main-allocator-block-size=16777216"
    "memorysetup-gfx-thread-allocator-block-size=16777216"
    "memorysetup-cache-allocator-block-size=4194304"
    "memorysetup-typetree-allocator-block-size=2097152"
    "memorysetup-profiler-bucket-allocator-granularity=16"
    "memorysetup-profiler-bucket-allocator-bucket-count=8"
    "memorysetup-profiler-bucket-allocator-block-size=33554432"
    "memorysetup-profiler-bucket-allocator-block-count=8"
    "memorysetup-profiler-allocator-block-size=16777216"
    "memorysetup-profiler-editor-allocator-block-size=1048576"
    "memorysetup-temp-allocator-size-main=16777216"
    "memorysetup-job-temp-allocator-block-size=2097152"
    "memorysetup-job-temp-allocator-block-size-background=1048576"
    "memorysetup-job-temp-allocator-reduction-small-platforms=262144"
    "memorysetup-allocator-temp-initial-block-size-main=262144"
    "memorysetup-allocator-temp-initial-block-size-worker=262144"
    "memorysetup-temp-allocator-size-background-worker=32768"
    "memorysetup-temp-allocator-size-job-worker=262144"
    "memorysetup-temp-allocator-size-preload-manager=33554432"
    "memorysetup-temp-allocator-size-nav-mesh-worker=65536"
    "memorysetup-temp-allocator-size-audio-worker=65536"
    "memorysetup-temp-allocator-size-cloud-worker=32768"
    "memorysetup-temp-allocator-size-gi-baking-worker=262144"
    "memorysetup-temp-allocator-size-gfx=262144"
Player connection [26236] Host "[IP] 192.168.216.1 [Port] 0 [Flags] 2 [Guid] 1494241172 [EditorId] 1494241172 [Version] 1048832 [Id] WindowsEditor(7,DESKTOP-FP69DJE) [Debug] 1 [PackageName] WindowsEditor [ProjectName] Editor" joined multi-casting on [225.0.0.222:54997]...

Player connection [26236] Host "[IP] 192.168.216.1 [Port] 0 [Flags] 2 [Guid] 1494241172 [EditorId] 1494241172 [Version] 1048832 [Id] WindowsEditor(7,DESKTOP-FP69DJE) [Debug] 1 [PackageName] WindowsEditor [ProjectName] Editor" joined alternative multi-casting on [225.0.0.222:34997]...

[Physics::Module] Initialized MultithreadedJobDispatcher with 15 workers.
Refreshing native plugins compatible for Editor in 5.35 ms, found 3 plugins.
Preloading 0 native plugins for Editor in 0.00 ms.
Initialize engine version: 2022.3.18f1 (d29bea25151d)
[Subsystems] Discovering subsystems at path C:/Program Files/Unity/Hub/Editor/2022.3.18f1/Editor/Data/Resources/UnitySubsystems
[Subsystems] Discovering subsystems at path D:/stuff/street/Assets
GfxDevice: creating device client; threaded=0; jobified=0
Direct3D:
    Version:  Direct3D 11.0 [level 11.1]
    Renderer: NVIDIA GeForce RTX 3060 Laptop GPU (ID=0x2520)
    Vendor:   NVIDIA
    VRAM:     6009 MB
    Driver:   31.0.15.3667
Initialize mono
Mono path[0] = 'C:/Program Files/Unity/Hub/Editor/2022.3.18f1/Editor/Data/Managed'
Mono path[1] = 'C:/Program Files/Unity/Hub/Editor/2022.3.18f1/Editor/Data/MonoBleedingEdge/lib/mono/unityjit-win32'
Mono config path = 'C:/Program Files/Unity/Hub/Editor/2022.3.18f1/Editor/Data/MonoBleedingEdge/etc'
Using monoOptions --debugger-agent=transport=dt_socket,embedding=1,server=y,suspend=n,address=127.0.0.1:56144
Begin MonoManager ReloadAssembly
Registering precompiled unity dll's ...
Register platform support module: C:/Program Files/Unity/Hub/Editor/2022.3.18f1/Editor/Data/PlaybackEngines/WebGLSupport/UnityEditor.WebGL.Extensions.dll
Register platform support module: C:/Program Files/Unity/Hub/Editor/2022.3.18f1/Editor/Data/PlaybackEngines/WindowsStandaloneSupport/UnityEditor.WindowsStandalone.Extensions.dll
Registered in 0.010685 seconds.
- Loaded All Assemblies, in  0.444 seconds
Native extension for WindowsStandalone target not found
Native extension for WebGL target not found
Mono: successfully reloaded assembly
- Finished resetting the current domain, in  0.319 seconds
Domain Reload Profiling: 762ms
	BeginReloadAssembly (139ms)
		ExecutionOrderSort (0ms)
		DisableScriptedObjects (0ms)
		BackupInstance (0ms)
		ReleaseScriptingObjects (0ms)
		CreateAndSetChildDomain (1ms)
	RebuildCommonClasses (48ms)
	RebuildNativeTypeToScriptingClass (18ms)
	initialDomainReloadingComplete (70ms)
	LoadAllAssembliesAndSetupDomain (167ms)
		LoadAssemblies (137ms)
		RebuildTransferFunctionScriptingTraits (0ms)
		AnalyzeDomain (165ms)
			TypeCache.Refresh (163ms)
				TypeCache.ScanAssembly (147ms)
			ScanForSourceGeneratedMonoScriptInfo (0ms)
			ResolveRequiredComponents (1ms)
	FinalizeReload (320ms)
		ReleaseScriptCaches (0ms)
		RebuildScriptCaches (0ms)
		SetupLoadedEditorAssemblies (244ms)
			LogAssemblyErrors (0ms)
			InitializePlatformSupportModulesInManaged (11ms)
			SetLoadedEditorAssemblies (7ms)
			RefreshPlugins (0ms)
			BeforeProcessingInitializeOnLoad (3ms)
			ProcessInitializeOnLoadAttributes (176ms)
			ProcessInitializeOnLoadMethodAttributes (47ms)
			AfterProcessingInitializeOnLoad (0ms)
			EditorAssembliesLoaded (0ms)
		ExecutionOrderSort2 (0ms)
		AwakeInstancesAfterBackupRestoration (0ms)
========================================================================
Worker process is ready to serve import requests
Begin MonoManager ReloadAssembly
- Loaded All Assemblies, in  0.668 seconds
Refreshing native plugins compatible for Editor in 2.99 ms, found 3 plugins.
Native extension for WindowsStandalone target not found
Native extension for WebGL target not found
Package Manager log level set to [2]
[Package Manager] Server::EnsureServerProcessIsRunning -- launch failed, reason: Unity was launched with the -noUpm command-line argument
[Package Manager] UpmClient::Send -- Unable to send message (not connected to UPM process).
[Package Manager] Cannot connect to Unity Package Manager local server
Mono: successfully reloaded assembly
- Finished resetting the current domain, in  0.663 seconds
Domain Reload Profiling: 1331ms
	BeginReloadAssembly (163ms)
		ExecutionOrderSort (0ms)
		DisableScriptedObjects (5ms)
		BackupInstance (0ms)
		ReleaseScriptingObjects (0ms)
		CreateAndSetChildDomain (23ms)
	RebuildCommonClasses (41ms)
	RebuildNativeTypeToScriptingClass (11ms)
	initialDomainReloadingComplete (35ms)
	LoadAllAssembliesAndSetupDomain (417ms)
		LoadAssemblies (315ms)
		RebuildTransferFunctionScriptingTraits (0ms)
		AnalyzeDomain (203ms)
			TypeCache.Refresh (183ms)
				TypeCache.ScanAssembly (163ms)
			ScanForSourceGeneratedMonoScriptInfo (15ms)
			ResolveRequiredComponents (4ms)
	FinalizeReload (664ms)
		ReleaseScriptCaches (0ms)
		RebuildScriptCaches (0ms)
		SetupLoadedEditorAssemblies (466ms)
			LogAssemblyErrors (0ms)
			InitializePlatformSupportModulesInManaged (10ms)
			SetLoadedEditorAssemblies (6ms)
			RefreshPlugins (0ms)
			BeforeProcessingInitializeOnLoad (64ms)
			ProcessInitializeOnLoadAttributes (358ms)
			ProcessInitializeOnLoadMethodAttributes (22ms)
			AfterProcessingInitializeOnLoad (6ms)
			EditorAssembliesLoaded (0ms)
		ExecutionOrderSort2 (0ms)
		AwakeInstancesAfterBackupRestoration (8ms)
Launched and connected shader compiler UnityShaderCompiler.exe after 0.05 seconds
Refreshing native plugins compatible for Editor in 2.94 ms, found 3 plugins.
Preloading 0 native plugins for Editor in 0.00 ms.
Unloading 3083 Unused Serialized files (Serialized files now loaded: 0)
Unloading 32 unused Assets / (56.9 KB). Loaded Objects now: 3544.
Memory consumption went from 122.7 MB to 122.7 MB.
Total: 3.247100 ms (FindLiveObjects: 0.317300 ms CreateObjectMapping: 0.117300 ms MarkObjects: 2.690500 ms  DeleteObjects: 0.121000 ms)

AssetImportParameters requested are different than current active one (requested -> active):
  custom:container-demuxer-ogg: 62fdf1f143b41e24485cea50d1cbac27 -> 
  custom:video-decoder-ogg-theora: a1e56fd34408186e4bbccfd4996cb3dc -> 
  custom:framework-win-MediaFoundation: 216162199b28c13a410421893ffa2e32 -> 
  custom:CustomObjectIndexerAttribute: 6d391050e5a25f67b0a2c618074f2cd9 -> 
  custom:container-demuxer-webm: 4f35f7cbe854078d1ac9338744f61a02 -> 
  custom:container-muxer-webm: aa71ff27fc2769a1b78a27578f13a17b -> 
  custom:video-decoder-webm-vp8: 9c59270c3fd7afecdb556c50c9e8de78 -> 
  custom:SearchIndexIgnoredProperties: e643bd26f0fe6173181afceb89e7c659 -> 
  custom:AudioImporter_EditorPlatform: d09bf68614088b80899f8185d706f6e7 -> 
  custom:video-encoder-webm-vp8: eb34c28f22e8b96e1ab97ce403110664 -> 
  custom:audio-decoder-ogg-vorbis: bf7c407c2cedff20999df2af8eb42d56 -> 
  custom:audio-encoder-webm-vorbis: bf7c407c2cedff20999df2af8eb42d56 -> 
========================================================================
Received Import Request.
  Time since last request: 344227.319722 seconds.
  path: Assets/oil barrel/Materials/Latao_texture.mat
  artifactKey: Guid(3e29a072a6ddf8c40a8d00b4dfaf8132) Importer(815301076,1909f56bfc062723c751e8b465ee728b)
Start importing Assets/oil barrel/Materials/Latao_texture.mat using Guid(3e29a072a6ddf8c40a8d00b4dfaf8132) Importer(815301076,1909f56bfc062723c751e8b465ee728b)  -> (artifact id: 'a2dfac21aa94e78dae6bdaea1fc7e38b') in 0.142097 seconds
Number of updated asset objects reloaded before import = 0
Number of asset objects unloaded after import = 2
========================================================================
Received Import Request.
  Time since last request: 25.601155 seconds.
  path: Assets/oil barrel/source/PP_Oil_barrels3 Variant 1.mat
  artifactKey: Guid(ac8a8bd825b6d5340bf952a07683efca) Importer(815301076,1909f56bfc062723c751e8b465ee728b)
Start importing Assets/oil barrel/source/PP_Oil_barrels3 Variant 1.mat using Guid(ac8a8bd825b6d5340bf952a07683efca) Importer(815301076,1909f56bfc062723c751e8b465ee728b)  -> (artifact id: 'f9a6e35919e02224cba8c291fb35bd6b') in 0.015945 seconds
Number of updated asset objects reloaded before import = 0
Number of asset objects unloaded after import = 31
========================================================================
Received Import Request.
  Time since last request: 21.124629 seconds.
  path: Assets/oil barrel/source/PP_Oil_barrels3.mat
  artifactKey: Guid(969dffe29b8029f42959e0054a454aaf) Importer(815301076,1909f56bfc062723c751e8b465ee728b)
Start importing Assets/oil barrel/source/PP_Oil_barrels3.mat using Guid(969dffe29b8029f42959e0054a454aaf) Importer(815301076,1909f56bfc062723c751e8b465ee728b)  -> (artifact id: '8b907e0ae69724970bb0f003cb04a11b') in 0.018581 seconds
Number of updated asset objects reloaded before import = 0
Number of asset objects unloaded after import = 2
========================================================================
Received Import Request.
  Time since last request: 28.379174 seconds.
  path: Assets/oil barrel/source/PP_Oil_barrels3 1.mat
  artifactKey: Guid(e6f01f2a0173df94b902cd928ed2bc46) Importer(815301076,1909f56bfc062723c751e8b465ee728b)
Start importing Assets/oil barrel/source/PP_Oil_barrels3 1.mat using Guid(e6f01f2a0173df94b902cd928ed2bc46) Importer(815301076,1909f56bfc062723c751e8b465ee728b)  -> (artifact id: '921dbed36db2af3a9eb11f39f8e03f49') in 0.014292 seconds
Number of updated asset objects reloaded before import = 0
Number of asset objects unloaded after import = 2
========================================================================
Received Import Request.
  Time since last request: 25.717476 seconds.
  path: Assets/oil barrel/source/PP_Oil_barrels3 Variant 2.mat
  artifactKey: Guid(89bb87dcd069a874fa0e2d789070e33d) Importer(815301076,1909f56bfc062723c751e8b465ee728b)
Start importing Assets/oil barrel/source/PP_Oil_barrels3 Variant 2.mat using Guid(89bb87dcd069a874fa0e2d789070e33d) Importer(815301076,1909f56bfc062723c751e8b465ee728b)  -> (artifact id: '6f274ed4bb701898e63e8e9d787adb38') in 0.013443 seconds
Number of updated asset objects reloaded before import = 0
Number of asset objects unloaded after import = 31
========================================================================
Received Prepare
Begin MonoManager ReloadAssembly
- Loaded All Assemblies, in  0.541 seconds
Refreshing native plugins compatible for Editor in 2.64 ms, found 3 plugins.
Native extension for WindowsStandalone target not found
Native extension for WebGL target not found
[Package Manager] Server::EnsureServerProcessIsRunning -- launch failed, reason: Unity was launched with the -noUpm command-line argument
[Package Manager] UpmClient::Send -- Unable to send message (not connected to UPM process).
[Package Manager] Cannot connect to Unity Package Manager local server
Mono: successfully reloaded assembly
- Finished resetting the current domain, in  0.965 seconds
Domain Reload Profiling: 1503ms
	BeginReloadAssembly (215ms)
		ExecutionOrderSort (0ms)
		DisableScriptedObjects (7ms)
		BackupInstance (0ms)
		ReleaseScriptingObjects (0ms)
		CreateAndSetChildDomain (47ms)
	RebuildCommonClasses (35ms)
	RebuildNativeTypeToScriptingClass (18ms)
	initialDomainReloadingComplete (43ms)
	LoadAllAssembliesAndSetupDomain (227ms)
		LoadAssemblies (328ms)
		RebuildTransferFunctionScriptingTraits (0ms)
		AnalyzeDomain (17ms)
			TypeCache.Refresh (9ms)
				TypeCache.ScanAssembly (0ms)
			ScanForSourceGeneratedMonoScriptInfo (0ms)
			ResolveRequiredComponents (6ms)
	FinalizeReload (965ms)
		ReleaseScriptCaches (0ms)
		RebuildScriptCaches (0ms)
		SetupLoadedEditorAssemblies (414ms)
			LogAssemblyErrors (0ms)
			InitializePlatformSupportModulesInManaged (10ms)
			SetLoadedEditorAssemblies (6ms)
			RefreshPlugins (0ms)
			BeforeProcessingInitializeOnLoad (65ms)
			ProcessInitializeOnLoadAttributes (304ms)
			ProcessInitializeOnLoadMethodAttributes (23ms)
			AfterProcessingInitializeOnLoad (6ms)
			EditorAssembliesLoaded (0ms)
		ExecutionOrderSort2 (0ms)
		AwakeInstancesAfterBackupRestoration (6ms)
Refreshing native plugins compatible for Editor in 2.45 ms, found 3 plugins.
Preloading 0 native plugins for Editor in 0.00 ms.
Unloading 3075 Unused Serialized files (Serialized files now loaded: 0)
Unloading 23 unused Assets / (31.1 KB). Loaded Objects now: 3588.
Memory consumption went from 128.1 MB to 128.1 MB.
Total: 3.962800 ms (FindLiveObjects: 0.305400 ms CreateObjectMapping: 0.116900 ms MarkObjects: 3.478400 ms  DeleteObjects: 0.060900 ms)

Prepare: number of updated asset objects reloaded= 0
AssetImportParameters requested are different than current active one (requested -> active):
  custom:container-demuxer-ogg: 62fdf1f143b41e24485cea50d1cbac27 -> 
  custom:video-decoder-ogg-theora: a1e56fd34408186e4bbccfd4996cb3dc -> 
  custom:framework-win-MediaFoundation: 216162199b28c13a410421893ffa2e32 -> 
  custom:CustomObjectIndexerAttribute: 6d391050e5a25f67b0a2c618074f2cd9 -> 
  custom:container-demuxer-webm: 4f35f7cbe854078d1ac9338744f61a02 -> 
  custom:container-muxer-webm: aa71ff27fc2769a1b78a27578f13a17b -> 
  custom:video-decoder-webm-vp8: 9c59270c3fd7afecdb556c50c9e8de78 -> 
  custom:SearchIndexIgnoredProperties: e643bd26f0fe6173181afceb89e7c659 -> 
  custom:AudioImporter_EditorPlatform: d09bf68614088b80899f8185d706f6e7 -> 
  custom:video-encoder-webm-vp8: eb34c28f22e8b96e1ab97ce403110664 -> 
  custom:audio-decoder-ogg-vorbis: bf7c407c2cedff20999df2af8eb42d56 -> 
  custom:audio-encoder-webm-vorbis: bf7c407c2cedff20999df2af8eb42d56 -> 
========================================================================
Received Import Request.
  Time since last request: 126.250992 seconds.
  path: Assets/oil
  artifactKey: Guid(ab81efddbff9c4944b3a52f6c4226c48) Importer(815301076,1909f56bfc062723c751e8b465ee728b)
Start importing Assets/oil using Guid(ab81efddbff9c4944b3a52f6c4226c48) Importer(815301076,1909f56bfc062723c751e8b465ee728b)  -> (artifact id: '7ba5ce4d0339d30f57ef01ae41e637b4') in 0.002663 seconds
Number of updated asset objects reloaded before import = 0
Number of asset objects unloaded after import = 0
========================================================================
Received Import Request.
  Time since last request: 6.726843 seconds.
  path: Assets/oil/PP_Oil_barrels3.fbx
  artifactKey: Guid(abe45d6571d99f444a7833a3134cf3a7) Importer(815301076,1909f56bfc062723c751e8b465ee728b)
Start importing Assets/oil/PP_Oil_barrels3.fbx using Guid(abe45d6571d99f444a7833a3134cf3a7) Importer(815301076,1909f56bfc062723c751e8b465ee728b)  -> (artifact id: '75ece7872e5ea16bbfc44ac29c97e4e2') in 0.190166 seconds
Number of updated asset objects reloaded before import = 0
Number of asset objects unloaded after import = 30
========================================================================
Received Import Request.
  Time since last request: 4.954078 seconds.
  path: Assets/oil/PP_Oil_barrels3.fbx
  artifactKey: Guid(abe45d6571d99f444a7833a3134cf3a7) Importer(815301076,1909f56bfc062723c751e8b465ee728b)
Start importing Assets/oil/PP_Oil_barrels3.fbx using Guid(abe45d6571d99f444a7833a3134cf3a7) Importer(815301076,1909f56bfc062723c751e8b465ee728b)  -> (artifact id: '4b6912da47ece81ace5752c7cd3b8340') in 0.067931 seconds
Number of updated asset objects reloaded before import = 0
Number of asset objects unloaded after import = 31
========================================================================
Received Import Request.
  Time since last request: 144.928121 seconds.
  path: Assets/oil/PP_Oil_barrels3.mat
  artifactKey: Guid(ac44ae84ba1835441986bee68e3c4bda) Importer(815301076,1909f56bfc062723c751e8b465ee728b)
Start importing Assets/oil/PP_Oil_barrels3.mat using Guid(ac44ae84ba1835441986bee68e3c4bda) Importer(815301076,1909f56bfc062723c751e8b465ee728b)  -> (artifact id: '06c41bc5b6154282642abf146ad899e0') in 0.014861 seconds
Number of updated asset objects reloaded before import = 0
Number of asset objects unloaded after import = 2
========================================================================
Received Import Request.
  Time since last request: 888.816467 seconds.
  path: Assets/child
  artifactKey: Guid(2a5b8ad9c7bef8240a592b1f8f394e88) Importer(815301076,1909f56bfc062723c751e8b465ee728b)
Start importing Assets/child using Guid(2a5b8ad9c7bef8240a592b1f8f394e88) Importer(815301076,1909f56bfc062723c751e8b465ee728b)  -> (artifact id: 'a90c67ddacec26b0273c4cae4cee8e60') in 0.001016 seconds
Number of updated asset objects reloaded before import = 0
Number of asset objects unloaded after import = 0
========================================================================
Received Import Request.
  Time since last request: 8.967094 seconds.
  path: Assets/child/source
  artifactKey: Guid(e1903c6cda1140042895e9598592f28a) Importer(815301076,1909f56bfc062723c751e8b465ee728b)
Start importing Assets/child/source using Guid(e1903c6cda1140042895e9598592f28a) Importer(815301076,1909f56bfc062723c751e8b465ee728b)  -> (artifact id: 'ada7b796700a4f073cd21585c53562b8') in 0.000447 seconds
Number of updated asset objects reloaded before import = 0
Number of asset objects unloaded after import = 0
========================================================================
Received Import Request.
  Time since last request: 3.425766 seconds.
  path: Assets/child/source/Evan Afton.zip
  artifactKey: Guid(4aac177b955c1f248851fd66c6e9b989) Importer(815301076,1909f56bfc062723c751e8b465ee728b)
Start importing Assets/child/source/Evan Afton.zip using Guid(4aac177b955c1f248851fd66c6e9b989) Importer(815301076,1909f56bfc062723c751e8b465ee728b)  -> (artifact id: 'cb149eeafbbf31904172c381d4386ce0') in 0.001687 seconds
Number of updated asset objects reloaded before import = 0
Number of asset objects unloaded after import = 1
========================================================================
Received Import Request.
  Time since last request: 9.623371 seconds.
  path: Assets/child/textures
  artifactKey: Guid(7b5bdc8e68f457b4eada9fe93d631e51) Importer(815301076,1909f56bfc062723c751e8b465ee728b)
Start importing Assets/child/textures using Guid(7b5bdc8e68f457b4eada9fe93d631e51) Importer(815301076,1909f56bfc062723c751e8b465ee728b)  -> (artifact id: '66621b6db3e4dd2fe57506e013353764') in 0.000464 seconds
Number of updated asset objects reloaded before import = 0
Number of asset objects unloaded after import = 0
========================================================================
Received Import Request.
  Time since last request: 27.985572 seconds.
  path: Assets/child/Evan Afton
  artifactKey: Guid(97280048fdcf5e94cba4ff5cd6f7f3dc) Importer(815301076,1909f56bfc062723c751e8b465ee728b)
Start importing Assets/child/Evan Afton using Guid(97280048fdcf5e94cba4ff5cd6f7f3dc) Importer(815301076,1909f56bfc062723c751e8b465ee728b)  -> (artifact id: 'c0eed1788014920eba48888f88a52e3c') in 0.000459 seconds
Number of updated asset objects reloaded before import = 0
Number of asset objects unloaded after import = 0
========================================================================
Received Import Request.
  Time since last request: 0.132269 seconds.
  path: Assets/child/Evan Afton/4b4ba20314e2f055a89712f7c63e3348.jpg
  artifactKey: Guid(6d26632a48c76744c9bd94c82b798eb4) Importer(815301076,1909f56bfc062723c751e8b465ee728b)
Start importing Assets/child/Evan Afton/4b4ba20314e2f055a89712f7c63e3348.jpg using Guid(6d26632a48c76744c9bd94c82b798eb4) Importer(815301076,1909f56bfc062723c751e8b465ee728b)  -> (artifact id: 'a725d626197921a3a60038f10452da07') in 0.047043 seconds
Number of updated asset objects reloaded before import = 0
Number of asset objects unloaded after import = 2
========================================================================
Received Import Request.
  Time since last request: 0.000021 seconds.
  path: Assets/child/Evan Afton/Schermafbeelding 2022-02-05 124714.png
  artifactKey: Guid(c5e2d67a6ba93cc408b2d1b2f045d904) Importer(815301076,1909f56bfc062723c751e8b465ee728b)
Start importing Assets/child/Evan Afton/Schermafbeelding 2022-02-05 124714.png using Guid(c5e2d67a6ba93cc408b2d1b2f045d904) Importer(815301076,1909f56bfc062723c751e8b465ee728b)  -> (artifact id: 'c4d43f93210bdd9d60126b9bf62b7a00') in 0.026029 seconds
Number of updated asset objects reloaded before import = 0
Number of asset objects unloaded after import = 2
========================================================================
Received Import Request.
  Time since last request: 0.000021 seconds.
  path: Assets/child/Evan Afton/Schermafbeelding 2022-02-05 124924.png
  artifactKey: Guid(ad32038aa5379a94bb1c22c8d2b8267f) Importer(815301076,1909f56bfc062723c751e8b465ee728b)
Start importing Assets/child/Evan Afton/Schermafbeelding 2022-02-05 124924.png using Guid(ad32038aa5379a94bb1c22c8d2b8267f) Importer(815301076,1909f56bfc062723c751e8b465ee728b)  -> (artifact id: '4aad923ac5d1f92922fff3e7ee9cb3bf') in 0.021312 seconds
Number of updated asset objects reloaded before import = 0
Number of asset objects unloaded after import = 2
========================================================================
Received Import Request.
  Time since last request: 0.000017 seconds.
  path: Assets/child/Evan Afton/Skin_Base_Color.png.001.png
  artifactKey: Guid(9c1e0afc28301334e811dc8d47394ca1) Importer(815301076,1909f56bfc062723c751e8b465ee728b)
Start importing Assets/child/Evan Afton/Skin_Base_Color.png.001.png using Guid(9c1e0afc28301334e811dc8d47394ca1) Importer(815301076,1909f56bfc062723c751e8b465ee728b)  -> (artifact id: '14c8ad9783e76e6b3ef0aacece223514') in 0.027520 seconds
Number of updated asset objects reloaded before import = 0
Number of asset objects unloaded after import = 2
========================================================================
Received Import Request.
  Time since last request: 0.000018 seconds.
  path: Assets/child/Evan Afton/Shorts_Base_Color.png
  artifactKey: Guid(120bca38a8f908740b8066b9a82c0362) Importer(815301076,1909f56bfc062723c751e8b465ee728b)
Start importing Assets/child/Evan Afton/Shorts_Base_Color.png using Guid(120bca38a8f908740b8066b9a82c0362) Importer(815301076,1909f56bfc062723c751e8b465ee728b)  -> (artifact id: 'a2f0b4984bde6cec1b8f2020f294ea75') in 0.020593 seconds
Number of updated asset objects reloaded before import = 0
Number of asset objects unloaded after import = 2
========================================================================
Received Import Request.
  Time since last request: 0.000021 seconds.
  path: Assets/child/Evan Afton/White.png
  artifactKey: Guid(5e0aca9109b1d9145bf4ed8556c05221) Importer(815301076,1909f56bfc062723c751e8b465ee728b)
Start importing Assets/child/Evan Afton/White.png using Guid(5e0aca9109b1d9145bf4ed8556c05221) Importer(815301076,1909f56bfc062723c751e8b465ee728b)  -> (artifact id: 'ff59718f72624e2982c5f635c209fe76') in 0.016796 seconds
Number of updated asset objects reloaded before import = 0
Number of asset objects unloaded after import = 2
Editor requested this worker to shutdown with reason: Scaling down because of idle timeout
TcpMessagingSession - receive error: operation aborted. errorcode: 995, details: L’opération d’entrée/sortie a été abandonnée en raison de l’arrêt d’un thread ou à la demande d’une application.
AssetImportWorker is now disconnected from the server
Process exiting
Exiting without the bug reporter. Application will terminate with return code 0