Using pre-set license
Built from '2022.3/release' branch; Version is '2022.3.18f1 (d29bea25151d) revision 13802474'; Using compiler version '192829333'; Build Type 'Release'
OS: 'Windows 10  (10.0.19044) 64bit CoreSingleLanguage' Language: 'fr' Physical Memory: 16061 MB
BatchMode: 1, IsHumanControllingUs: 0, StartBugReporterOnCrash: 0, Is64bit: 1, IsPro: 1

COMMAND LINE ARGUMENTS:
C:\Program Files\Unity\Hub\Editor\2022.3.18f1\Editor\Unity.exe
-adb2
-batchMode
-noUpm
-name
AssetImportWorker2
-projectPath
D:/stuff/street
-logFile
Logs/AssetImportWorker2.log
-srvPort
55609
Successfully changed project path to: D:/stuff/street
D:/stuff/street
[UnityMemory] Configuration Parameters - Can be set up in boot.config
    "memorysetup-bucket-allocator-granularity=16"
    "memorysetup-bucket-allocator-bucket-count=8"
    "memorysetup-bucket-allocator-block-size=33554432"
    "memorysetup-bucket-allocator-block-count=8"
    "memorysetup-main-allocator-block-size=16777216"
    "memorysetup-thread-allocator-block-size=16777216"
    "memorysetup-gfx-main-allocator-block-size=16777216"
    "memorysetup-gfx-thread-allocator-block-size=16777216"
    "memorysetup-cache-allocator-block-size=4194304"
    "memorysetup-typetree-allocator-block-size=2097152"
    "memorysetup-profiler-bucket-allocator-granularity=16"
    "memorysetup-profiler-bucket-allocator-bucket-count=8"
    "memorysetup-profiler-bucket-allocator-block-size=33554432"
    "memorysetup-profiler-bucket-allocator-block-count=8"
    "memorysetup-profiler-allocator-block-size=16777216"
    "memorysetup-profiler-editor-allocator-block-size=1048576"
    "memorysetup-temp-allocator-size-main=16777216"
    "memorysetup-job-temp-allocator-block-size=2097152"
    "memorysetup-job-temp-allocator-block-size-background=1048576"
    "memorysetup-job-temp-allocator-reduction-small-platforms=262144"
    "memorysetup-allocator-temp-initial-block-size-main=262144"
    "memorysetup-allocator-temp-initial-block-size-worker=262144"
    "memorysetup-temp-allocator-size-background-worker=32768"
    "memorysetup-temp-allocator-size-job-worker=262144"
    "memorysetup-temp-allocator-size-preload-manager=33554432"
    "memorysetup-temp-allocator-size-nav-mesh-worker=65536"
    "memorysetup-temp-allocator-size-audio-worker=65536"
    "memorysetup-temp-allocator-size-cloud-worker=32768"
    "memorysetup-temp-allocator-size-gi-baking-worker=262144"
    "memorysetup-temp-allocator-size-gfx=262144"
Player connection [25712] Host "[IP] 192.168.216.1 [Port] 0 [Flags] 2 [Guid] 1238537919 [EditorId] 1238537919 [Version] 1048832 [Id] WindowsEditor(7,DESKTOP-FP69DJE) [Debug] 1 [PackageName] WindowsEditor [ProjectName] Editor" joined multi-casting on [225.0.0.222:54997]...

Player connection [25712] Host "[IP] 192.168.216.1 [Port] 0 [Flags] 2 [Guid] 1238537919 [EditorId] 1238537919 [Version] 1048832 [Id] WindowsEditor(7,DESKTOP-FP69DJE) [Debug] 1 [PackageName] WindowsEditor [ProjectName] Editor" joined alternative multi-casting on [225.0.0.222:34997]...

[Physics::Module] Initialized MultithreadedJobDispatcher with 15 workers.
Refreshing native plugins compatible for Editor in 8.24 ms, found 3 plugins.
Preloading 0 native plugins for Editor in 0.00 ms.
Initialize engine version: 2022.3.18f1 (d29bea25151d)
[Subsystems] Discovering subsystems at path C:/Program Files/Unity/Hub/Editor/2022.3.18f1/Editor/Data/Resources/UnitySubsystems
[Subsystems] Discovering subsystems at path D:/stuff/street/Assets
GfxDevice: creating device client; threaded=0; jobified=0
Direct3D:
    Version:  Direct3D 11.0 [level 11.1]
    Renderer: NVIDIA GeForce RTX 3060 Laptop GPU (ID=0x2520)
    Vendor:   NVIDIA
    VRAM:     6009 MB
    Driver:   31.0.15.3667
Initialize mono
Mono path[0] = 'C:/Program Files/Unity/Hub/Editor/2022.3.18f1/Editor/Data/Managed'
Mono path[1] = 'C:/Program Files/Unity/Hub/Editor/2022.3.18f1/Editor/Data/MonoBleedingEdge/lib/mono/unityjit-win32'
Mono config path = 'C:/Program Files/Unity/Hub/Editor/2022.3.18f1/Editor/Data/MonoBleedingEdge/etc'
Using monoOptions --debugger-agent=transport=dt_socket,embedding=1,server=y,suspend=n,address=127.0.0.1:56388
Begin MonoManager ReloadAssembly
Registering precompiled unity dll's ...
Register platform support module: C:/Program Files/Unity/Hub/Editor/2022.3.18f1/Editor/Data/PlaybackEngines/WebGLSupport/UnityEditor.WebGL.Extensions.dll
Register platform support module: C:/Program Files/Unity/Hub/Editor/2022.3.18f1/Editor/Data/PlaybackEngines/WindowsStandaloneSupport/UnityEditor.WindowsStandalone.Extensions.dll
Registered in 0.013180 seconds.
- Loaded All Assemblies, in  0.463 seconds
Native extension for WindowsStandalone target not found
Native extension for WebGL target not found
Mono: successfully reloaded assembly
- Finished resetting the current domain, in  0.339 seconds
Domain Reload Profiling: 801ms
	BeginReloadAssembly (138ms)
		ExecutionOrderSort (0ms)
		DisableScriptedObjects (0ms)
		BackupInstance (0ms)
		ReleaseScriptingObjects (0ms)
		CreateAndSetChildDomain (1ms)
	RebuildCommonClasses (42ms)
	RebuildNativeTypeToScriptingClass (15ms)
	initialDomainReloadingComplete (76ms)
	LoadAllAssembliesAndSetupDomain (191ms)
		LoadAssemblies (137ms)
		RebuildTransferFunctionScriptingTraits (0ms)
		AnalyzeDomain (187ms)
			TypeCache.Refresh (186ms)
				TypeCache.ScanAssembly (172ms)
			ScanForSourceGeneratedMonoScriptInfo (0ms)
			ResolveRequiredComponents (0ms)
	FinalizeReload (339ms)
		ReleaseScriptCaches (0ms)
		RebuildScriptCaches (0ms)
		SetupLoadedEditorAssemblies (263ms)
			LogAssemblyErrors (0ms)
			InitializePlatformSupportModulesInManaged (14ms)
			SetLoadedEditorAssemblies (7ms)
			RefreshPlugins (0ms)
			BeforeProcessingInitializeOnLoad (3ms)
			ProcessInitializeOnLoadAttributes (184ms)
			ProcessInitializeOnLoadMethodAttributes (56ms)
			AfterProcessingInitializeOnLoad (0ms)
			EditorAssembliesLoaded (0ms)
		ExecutionOrderSort2 (0ms)
		AwakeInstancesAfterBackupRestoration (0ms)
========================================================================
Worker process is ready to serve import requests
Begin MonoManager ReloadAssembly
- Loaded All Assemblies, in  0.739 seconds
Refreshing native plugins compatible for Editor in 3.47 ms, found 3 plugins.
Native extension for WindowsStandalone target not found
Native extension for WebGL target not found
Package Manager log level set to [2]
[Package Manager] Server::EnsureServerProcessIsRunning -- launch failed, reason: Unity was launched with the -noUpm command-line argument
[Package Manager] UpmClient::Send -- Unable to send message (not connected to UPM process).
[Package Manager] Cannot connect to Unity Package Manager local server
Mono: successfully reloaded assembly
- Finished resetting the current domain, in  0.671 seconds
Domain Reload Profiling: 1408ms
	BeginReloadAssembly (178ms)
		ExecutionOrderSort (0ms)
		DisableScriptedObjects (7ms)
		BackupInstance (0ms)
		ReleaseScriptingObjects (0ms)
		CreateAndSetChildDomain (27ms)
	RebuildCommonClasses (38ms)
	RebuildNativeTypeToScriptingClass (11ms)
	initialDomainReloadingComplete (51ms)
	LoadAllAssembliesAndSetupDomain (459ms)
		LoadAssemblies (318ms)
		RebuildTransferFunctionScriptingTraits (0ms)
		AnalyzeDomain (239ms)
			TypeCache.Refresh (215ms)
				TypeCache.ScanAssembly (193ms)
			ScanForSourceGeneratedMonoScriptInfo (17ms)
			ResolveRequiredComponents (5ms)
	FinalizeReload (671ms)
		ReleaseScriptCaches (0ms)
		RebuildScriptCaches (0ms)
		SetupLoadedEditorAssemblies (476ms)
			LogAssemblyErrors (0ms)
			InitializePlatformSupportModulesInManaged (8ms)
			SetLoadedEditorAssemblies (4ms)
			RefreshPlugins (0ms)
			BeforeProcessingInitializeOnLoad (73ms)
			ProcessInitializeOnLoadAttributes (353ms)
			ProcessInitializeOnLoadMethodAttributes (30ms)
			AfterProcessingInitializeOnLoad (8ms)
			EditorAssembliesLoaded (0ms)
		ExecutionOrderSort2 (0ms)
		AwakeInstancesAfterBackupRestoration (7ms)
Launched and connected shader compiler UnityShaderCompiler.exe after 0.05 seconds
Refreshing native plugins compatible for Editor in 3.23 ms, found 3 plugins.
Preloading 0 native plugins for Editor in 0.00 ms.
Unloading 3083 Unused Serialized files (Serialized files now loaded: 0)
Unloading 32 unused Assets / (56.9 KB). Loaded Objects now: 3544.
Memory consumption went from 122.7 MB to 122.7 MB.
Total: 3.384900 ms (FindLiveObjects: 0.320100 ms CreateObjectMapping: 0.101900 ms MarkObjects: 2.842100 ms  DeleteObjects: 0.119600 ms)

AssetImportParameters requested are different than current active one (requested -> active):
  custom:container-demuxer-ogg: 62fdf1f143b41e24485cea50d1cbac27 -> 
  custom:video-decoder-ogg-theora: a1e56fd34408186e4bbccfd4996cb3dc -> 
  custom:framework-win-MediaFoundation: 216162199b28c13a410421893ffa2e32 -> 
  custom:CustomObjectIndexerAttribute: 6d391050e5a25f67b0a2c618074f2cd9 -> 
  custom:container-demuxer-webm: 4f35f7cbe854078d1ac9338744f61a02 -> 
  custom:container-muxer-webm: aa71ff27fc2769a1b78a27578f13a17b -> 
  custom:video-decoder-webm-vp8: 9c59270c3fd7afecdb556c50c9e8de78 -> 
  custom:SearchIndexIgnoredProperties: e643bd26f0fe6173181afceb89e7c659 -> 
  custom:AudioImporter_EditorPlatform: d09bf68614088b80899f8185d706f6e7 -> 
  custom:video-encoder-webm-vp8: eb34c28f22e8b96e1ab97ce403110664 -> 
  custom:audio-decoder-ogg-vorbis: bf7c407c2cedff20999df2af8eb42d56 -> 
  custom:audio-encoder-webm-vorbis: bf7c407c2cedff20999df2af8eb42d56 -> 
========================================================================
Received Import Request.
  Time since last request: 343960.081607 seconds.
  path: Assets/city/Materials/Rua_Texture.mat
  artifactKey: Guid(41446a0899eeefd4d948d67593708580) Importer(815301076,1909f56bfc062723c751e8b465ee728b)
Start importing Assets/city/Materials/Rua_Texture.mat using Guid(41446a0899eeefd4d948d67593708580) Importer(815301076,1909f56bfc062723c751e8b465ee728b)  -> (artifact id: 'ced04176b2bbe4ec2a2e47778d7f01b0') in 0.124437 seconds
Number of updated asset objects reloaded before import = 0
Number of asset objects unloaded after import = 2
========================================================================
Received Import Request.
  Time since last request: 28.970849 seconds.
  path: Assets/oil barrel
  artifactKey: Guid(f83dd180ee1351e4eb25e83ae46d166e) Importer(815301076,1909f56bfc062723c751e8b465ee728b)
Start importing Assets/oil barrel using Guid(f83dd180ee1351e4eb25e83ae46d166e) Importer(815301076,1909f56bfc062723c751e8b465ee728b)  -> (artifact id: '262010a493e9a70e917275d418754228') in 0.000493 seconds
Number of updated asset objects reloaded before import = 0
Number of asset objects unloaded after import = 0
========================================================================
Received Import Request.
  Time since last request: 16.537255 seconds.
  path: Assets/oil barrel/source
  artifactKey: Guid(2e4c85c3a89480f46b675c27deff6d5d) Importer(815301076,1909f56bfc062723c751e8b465ee728b)
Start importing Assets/oil barrel/source using Guid(2e4c85c3a89480f46b675c27deff6d5d) Importer(815301076,1909f56bfc062723c751e8b465ee728b)  -> (artifact id: '916c4f1e833e38db5a4afea3ef743fa0') in 0.000570 seconds
Number of updated asset objects reloaded before import = 0
Number of asset objects unloaded after import = 0
========================================================================
Received Import Request.
  Time since last request: 0.131919 seconds.
  path: Assets/oil barrel/source/FirstResponderScene.fbx
  artifactKey: Guid(2472f6192460fb041824f54a2b7b71ec) Importer(815301076,1909f56bfc062723c751e8b465ee728b)
Start importing Assets/oil barrel/source/FirstResponderScene.fbx using Guid(2472f6192460fb041824f54a2b7b71ec) Importer(815301076,1909f56bfc062723c751e8b465ee728b)  -> (artifact id: 'bd6b1fcff8901633d119eca20cab4ba4') in 0.339211 seconds
Number of updated asset objects reloaded before import = 0
Number of asset objects unloaded after import = 157
========================================================================
Received Import Request.
  Time since last request: 81.396141 seconds.
  path: Assets/oil barrel/textures/Construction_texture.png
  artifactKey: Guid(212729067b5d2e049b52f8c998cad773) Importer(815301076,1909f56bfc062723c751e8b465ee728b)
Start importing Assets/oil barrel/textures/Construction_texture.png using Guid(212729067b5d2e049b52f8c998cad773) Importer(815301076,1909f56bfc062723c751e8b465ee728b)  -> (artifact id: '1432e8af269d9b130a7807533916476c') in 0.033919 seconds
Number of updated asset objects reloaded before import = 0
Number of asset objects unloaded after import = 2
========================================================================
Received Import Request.
  Time since last request: 0.000023 seconds.
  path: Assets/oil barrel/textures/Material_Metallic.png
  artifactKey: Guid(1f60d94bf4f88cc4a85d68ad54f8895b) Importer(815301076,1909f56bfc062723c751e8b465ee728b)
Start importing Assets/oil barrel/textures/Material_Metallic.png using Guid(1f60d94bf4f88cc4a85d68ad54f8895b) Importer(815301076,1909f56bfc062723c751e8b465ee728b)  -> (artifact id: 'fa03b576dabf46cd2d3d1d5b33fcb9cf') in 0.023709 seconds
Number of updated asset objects reloaded before import = 0
Number of asset objects unloaded after import = 2
========================================================================
Received Import Request.
  Time since last request: 0.000027 seconds.
  path: Assets/oil barrel/textures/Material_Base_Color.png
  artifactKey: Guid(4d7b57d295a078d40afd702a4de54845) Importer(815301076,1909f56bfc062723c751e8b465ee728b)
Start importing Assets/oil barrel/textures/Material_Base_Color.png using Guid(4d7b57d295a078d40afd702a4de54845) Importer(815301076,1909f56bfc062723c751e8b465ee728b)  -> (artifact id: '9af52b3bfe1e0665e8974e1d7d544a62') in 0.019967 seconds
Number of updated asset objects reloaded before import = 0
Number of asset objects unloaded after import = 2
========================================================================
Received Import Request.
  Time since last request: 0.000027 seconds.
  path: Assets/oil barrel/textures/Material_Roughness.png
  artifactKey: Guid(bf6eca0c90da01346be645ebb1697ba7) Importer(815301076,1909f56bfc062723c751e8b465ee728b)
Start importing Assets/oil barrel/textures/Material_Roughness.png using Guid(bf6eca0c90da01346be645ebb1697ba7) Importer(815301076,1909f56bfc062723c751e8b465ee728b)  -> (artifact id: '163569adca08aee7ed538737f4e7171c') in 0.016108 seconds
Number of updated asset objects reloaded before import = 0
Number of asset objects unloaded after import = 2
========================================================================
Received Import Request.
  Time since last request: 0.000031 seconds.
  path: Assets/oil barrel/textures/Textura_Base_Color.png
  artifactKey: Guid(f6b8bbc733199cf42a8197fb5c3d50a6) Importer(815301076,1909f56bfc062723c751e8b465ee728b)
Start importing Assets/oil barrel/textures/Textura_Base_Color.png using Guid(f6b8bbc733199cf42a8197fb5c3d50a6) Importer(815301076,1909f56bfc062723c751e8b465ee728b)  -> (artifact id: '354ac0dd0fcb5c547c9a197a6c8ab8c9') in 0.010823 seconds
Number of updated asset objects reloaded before import = 0
Number of asset objects unloaded after import = 2
========================================================================
Received Import Request.
  Time since last request: 0.000015 seconds.
  path: Assets/oil barrel/textures/Latao_texture.png
  artifactKey: Guid(01e8be1f61a3c1e49aaf437636b5099f) Importer(815301076,1909f56bfc062723c751e8b465ee728b)
Start importing Assets/oil barrel/textures/Latao_texture.png using Guid(01e8be1f61a3c1e49aaf437636b5099f) Importer(815301076,1909f56bfc062723c751e8b465ee728b)  -> (artifact id: '3805c9e4bf39f18216b0da9f1a48b554') in 0.020913 seconds
Number of updated asset objects reloaded before import = 0
Number of asset objects unloaded after import = 2
========================================================================
Received Import Request.
  Time since last request: 0.000023 seconds.
  path: Assets/oil barrel/textures/Texture_Normal_OpenGL.png
  artifactKey: Guid(306f4954650234646b02fbbeddce7442) Importer(815301076,1909f56bfc062723c751e8b465ee728b)
Start importing Assets/oil barrel/textures/Texture_Normal_OpenGL.png using Guid(306f4954650234646b02fbbeddce7442) Importer(815301076,1909f56bfc062723c751e8b465ee728b)  -> (artifact id: '2ca596c233e9874d917007c7efbc8828') in 0.020918 seconds
Number of updated asset objects reloaded before import = 0
Number of asset objects unloaded after import = 2
========================================================================
Received Import Request.
  Time since last request: 0.000015 seconds.
  path: Assets/oil barrel/textures/DOORSteps_Normal_OpenGL.png
  artifactKey: Guid(2efdcc6c9a5ddb54488fc687b978fae7) Importer(815301076,1909f56bfc062723c751e8b465ee728b)
Start importing Assets/oil barrel/textures/DOORSteps_Normal_OpenGL.png using Guid(2efdcc6c9a5ddb54488fc687b978fae7) Importer(815301076,1909f56bfc062723c751e8b465ee728b)  -> (artifact id: '279ecc9413bf6199a62ef99eea236a77') in 0.017118 seconds
Number of updated asset objects reloaded before import = 0
Number of asset objects unloaded after import = 2
========================================================================
Received Import Request.
  Time since last request: 0.000015 seconds.
  path: Assets/oil barrel/textures/Texture_Base_Color.png
  artifactKey: Guid(2dae1a705100abf47b6a0134dc6de5c5) Importer(815301076,1909f56bfc062723c751e8b465ee728b)
Start importing Assets/oil barrel/textures/Texture_Base_Color.png using Guid(2dae1a705100abf47b6a0134dc6de5c5) Importer(815301076,1909f56bfc062723c751e8b465ee728b)  -> (artifact id: 'ed8824a9d634c143a81e026441715fd9') in 0.024433 seconds
Number of updated asset objects reloaded before import = 0
Number of asset objects unloaded after import = 2
Editor requested this worker to shutdown with reason: Scaling down because of idle timeout
TcpMessagingSession - receive error: operation aborted. errorcode: 995, details: L’opération d’entrée/sortie a été abandonnée en raison de l’arrêt d’un thread ou à la demande d’une application.
AssetImportWorker is now disconnected from the server
Process exiting
Exiting without the bug reporter. Application will terminate with return code 0