Using pre-set license
Built from '2022.3/release' branch; Version is '2022.3.18f1 (d29bea25151d) revision 13802474'; Using compiler version '192829333'; Build Type 'Release'
OS: 'Windows 10  (10.0.19044) 64bit CoreSingleLanguage' Language: 'fr' Physical Memory: 16061 MB
BatchMode: 1, IsHumanControllingUs: 0, StartBugReporterOnCrash: 0, Is64bit: 1, IsPro: 1

COMMAND LINE ARGUMENTS:
C:\Program Files\Unity\Hub\Editor\2022.3.18f1\Editor\Unity.exe
-adb2
-batchMode
-noUpm
-name
AssetImportWorker0
-projectPath
D:/stuff/street
-logFile
Logs/AssetImportWorker0.log
-srvPort
55609
Successfully changed project path to: D:/stuff/street
D:/stuff/street
[UnityMemory] Configuration Parameters - Can be set up in boot.config
    "memorysetup-bucket-allocator-granularity=16"
    "memorysetup-bucket-allocator-bucket-count=8"
    "memorysetup-bucket-allocator-block-size=33554432"
    "memorysetup-bucket-allocator-block-count=8"
    "memorysetup-main-allocator-block-size=16777216"
    "memorysetup-thread-allocator-block-size=16777216"
    "memorysetup-gfx-main-allocator-block-size=16777216"
    "memorysetup-gfx-thread-allocator-block-size=16777216"
    "memorysetup-cache-allocator-block-size=4194304"
    "memorysetup-typetree-allocator-block-size=2097152"
    "memorysetup-profiler-bucket-allocator-granularity=16"
    "memorysetup-profiler-bucket-allocator-bucket-count=8"
    "memorysetup-profiler-bucket-allocator-block-size=33554432"
    "memorysetup-profiler-bucket-allocator-block-count=8"
    "memorysetup-profiler-allocator-block-size=16777216"
    "memorysetup-profiler-editor-allocator-block-size=1048576"
    "memorysetup-temp-allocator-size-main=16777216"
    "memorysetup-job-temp-allocator-block-size=2097152"
    "memorysetup-job-temp-allocator-block-size-background=1048576"
    "memorysetup-job-temp-allocator-reduction-small-platforms=262144"
    "memorysetup-allocator-temp-initial-block-size-main=262144"
    "memorysetup-allocator-temp-initial-block-size-worker=262144"
    "memorysetup-temp-allocator-size-background-worker=32768"
    "memorysetup-temp-allocator-size-job-worker=262144"
    "memorysetup-temp-allocator-size-preload-manager=33554432"
    "memorysetup-temp-allocator-size-nav-mesh-worker=65536"
    "memorysetup-temp-allocator-size-audio-worker=65536"
    "memorysetup-temp-allocator-size-cloud-worker=32768"
    "memorysetup-temp-allocator-size-gi-baking-worker=262144"
    "memorysetup-temp-allocator-size-gfx=262144"
Player connection [20144] Host "[IP] 192.168.216.1 [Port] 0 [Flags] 2 [Guid] 2312562417 [EditorId] 2312562417 [Version] 1048832 [Id] WindowsEditor(7,DESKTOP-FP69DJE) [Debug] 1 [PackageName] WindowsEditor [ProjectName] Editor" joined multi-casting on [225.0.0.222:54997]...

Player connection [20144] Host "[IP] 192.168.216.1 [Port] 0 [Flags] 2 [Guid] 2312562417 [EditorId] 2312562417 [Version] 1048832 [Id] WindowsEditor(7,DESKTOP-FP69DJE) [Debug] 1 [PackageName] WindowsEditor [ProjectName] Editor" joined alternative multi-casting on [225.0.0.222:34997]...

[Physics::Module] Initialized MultithreadedJobDispatcher with 15 workers.
Refreshing native plugins compatible for Editor in 6.97 ms, found 3 plugins.
Preloading 0 native plugins for Editor in 0.00 ms.
Initialize engine version: 2022.3.18f1 (d29bea25151d)
[Subsystems] Discovering subsystems at path C:/Program Files/Unity/Hub/Editor/2022.3.18f1/Editor/Data/Resources/UnitySubsystems
[Subsystems] Discovering subsystems at path D:/stuff/street/Assets
GfxDevice: creating device client; threaded=0; jobified=0
Direct3D:
    Version:  Direct3D 11.0 [level 11.1]
    Renderer: NVIDIA GeForce RTX 3060 Laptop GPU (ID=0x2520)
    Vendor:   NVIDIA
    VRAM:     6009 MB
    Driver:   31.0.15.3667
Initialize mono
Mono path[0] = 'C:/Program Files/Unity/Hub/Editor/2022.3.18f1/Editor/Data/Managed'
Mono path[1] = 'C:/Program Files/Unity/Hub/Editor/2022.3.18f1/Editor/Data/MonoBleedingEdge/lib/mono/unityjit-win32'
Mono config path = 'C:/Program Files/Unity/Hub/Editor/2022.3.18f1/Editor/Data/MonoBleedingEdge/etc'
Using monoOptions --debugger-agent=transport=dt_socket,embedding=1,server=y,suspend=n,address=127.0.0.1:56336
Begin MonoManager ReloadAssembly
Registering precompiled unity dll's ...
Register platform support module: C:/Program Files/Unity/Hub/Editor/2022.3.18f1/Editor/Data/PlaybackEngines/WebGLSupport/UnityEditor.WebGL.Extensions.dll
Register platform support module: C:/Program Files/Unity/Hub/Editor/2022.3.18f1/Editor/Data/PlaybackEngines/WindowsStandaloneSupport/UnityEditor.WindowsStandalone.Extensions.dll
Registered in 0.009822 seconds.
- Loaded All Assemblies, in  0.435 seconds
Native extension for WindowsStandalone target not found
Native extension for WebGL target not found
Mono: successfully reloaded assembly
- Finished resetting the current domain, in  0.315 seconds
Domain Reload Profiling: 748ms
	BeginReloadAssembly (123ms)
		ExecutionOrderSort (0ms)
		DisableScriptedObjects (0ms)
		BackupInstance (0ms)
		ReleaseScriptingObjects (0ms)
		CreateAndSetChildDomain (1ms)
	RebuildCommonClasses (51ms)
	RebuildNativeTypeToScriptingClass (10ms)
	initialDomainReloadingComplete (68ms)
	LoadAllAssembliesAndSetupDomain (180ms)
		LoadAssemblies (122ms)
		RebuildTransferFunctionScriptingTraits (0ms)
		AnalyzeDomain (178ms)
			TypeCache.Refresh (176ms)
				TypeCache.ScanAssembly (159ms)
			ScanForSourceGeneratedMonoScriptInfo (0ms)
			ResolveRequiredComponents (1ms)
	FinalizeReload (315ms)
		ReleaseScriptCaches (0ms)
		RebuildScriptCaches (0ms)
		SetupLoadedEditorAssemblies (250ms)
			LogAssemblyErrors (0ms)
			InitializePlatformSupportModulesInManaged (11ms)
			SetLoadedEditorAssemblies (7ms)
			RefreshPlugins (0ms)
			BeforeProcessingInitializeOnLoad (2ms)
			ProcessInitializeOnLoadAttributes (175ms)
			ProcessInitializeOnLoadMethodAttributes (56ms)
			AfterProcessingInitializeOnLoad (0ms)
			EditorAssembliesLoaded (0ms)
		ExecutionOrderSort2 (0ms)
		AwakeInstancesAfterBackupRestoration (0ms)
========================================================================
Worker process is ready to serve import requests
Begin MonoManager ReloadAssembly
- Loaded All Assemblies, in  0.648 seconds
Refreshing native plugins compatible for Editor in 2.67 ms, found 3 plugins.
Native extension for WindowsStandalone target not found
Native extension for WebGL target not found
Package Manager log level set to [2]
[Package Manager] Server::EnsureServerProcessIsRunning -- launch failed, reason: Unity was launched with the -noUpm command-line argument
[Package Manager] UpmClient::Send -- Unable to send message (not connected to UPM process).
[Package Manager] Cannot connect to Unity Package Manager local server
Mono: successfully reloaded assembly
- Finished resetting the current domain, in  0.578 seconds
Domain Reload Profiling: 1225ms
	BeginReloadAssembly (160ms)
		ExecutionOrderSort (0ms)
		DisableScriptedObjects (7ms)
		BackupInstance (0ms)
		ReleaseScriptingObjects (0ms)
		CreateAndSetChildDomain (24ms)
	RebuildCommonClasses (44ms)
	RebuildNativeTypeToScriptingClass (11ms)
	initialDomainReloadingComplete (39ms)
	LoadAllAssembliesAndSetupDomain (393ms)
		LoadAssemblies (290ms)
		RebuildTransferFunctionScriptingTraits (0ms)
		AnalyzeDomain (195ms)
			TypeCache.Refresh (173ms)
				TypeCache.ScanAssembly (158ms)
			ScanForSourceGeneratedMonoScriptInfo (16ms)
			ResolveRequiredComponents (5ms)
	FinalizeReload (579ms)
		ReleaseScriptCaches (0ms)
		RebuildScriptCaches (0ms)
		SetupLoadedEditorAssemblies (434ms)
			LogAssemblyErrors (0ms)
			InitializePlatformSupportModulesInManaged (8ms)
			SetLoadedEditorAssemblies (5ms)
			RefreshPlugins (0ms)
			BeforeProcessingInitializeOnLoad (57ms)
			ProcessInitializeOnLoadAttributes (337ms)
			ProcessInitializeOnLoadMethodAttributes (20ms)
			AfterProcessingInitializeOnLoad (7ms)
			EditorAssembliesLoaded (0ms)
		ExecutionOrderSort2 (0ms)
		AwakeInstancesAfterBackupRestoration (5ms)
Launched and connected shader compiler UnityShaderCompiler.exe after 0.05 seconds
Refreshing native plugins compatible for Editor in 3.62 ms, found 3 plugins.
Preloading 0 native plugins for Editor in 0.00 ms.
Unloading 3083 Unused Serialized files (Serialized files now loaded: 0)
Unloading 32 unused Assets / (56.9 KB). Loaded Objects now: 3544.
Memory consumption went from 122.7 MB to 122.6 MB.
Total: 3.116400 ms (FindLiveObjects: 0.299500 ms CreateObjectMapping: 0.171000 ms MarkObjects: 2.524100 ms  DeleteObjects: 0.120800 ms)

AssetImportParameters requested are different than current active one (requested -> active):
  custom:container-demuxer-ogg: 62fdf1f143b41e24485cea50d1cbac27 -> 
  custom:video-decoder-ogg-theora: a1e56fd34408186e4bbccfd4996cb3dc -> 
  custom:framework-win-MediaFoundation: 216162199b28c13a410421893ffa2e32 -> 
  custom:CustomObjectIndexerAttribute: 6d391050e5a25f67b0a2c618074f2cd9 -> 
  custom:container-demuxer-webm: 4f35f7cbe854078d1ac9338744f61a02 -> 
  custom:container-muxer-webm: aa71ff27fc2769a1b78a27578f13a17b -> 
  custom:video-decoder-webm-vp8: 9c59270c3fd7afecdb556c50c9e8de78 -> 
  custom:SearchIndexIgnoredProperties: e643bd26f0fe6173181afceb89e7c659 -> 
  custom:AudioImporter_EditorPlatform: d09bf68614088b80899f8185d706f6e7 -> 
  custom:video-encoder-webm-vp8: eb34c28f22e8b96e1ab97ce403110664 -> 
  custom:audio-decoder-ogg-vorbis: bf7c407c2cedff20999df2af8eb42d56 -> 
  custom:audio-encoder-webm-vorbis: bf7c407c2cedff20999df2af8eb42d56 -> 
========================================================================
Received Import Request.
  Time since last request: 342719.672459 seconds.
  path: Assets
  artifactKey: Guid(00000000000000001000000000000000) Importer(815301076,1909f56bfc062723c751e8b465ee728b)
Start importing Assets using Guid(00000000000000001000000000000000) Importer(815301076,1909f56bfc062723c751e8b465ee728b)  -> (artifact id: '8a4fe85251aa2e89732c359432baa2c3') in 0.005577 seconds
Number of updated asset objects reloaded before import = 0
Number of asset objects unloaded after import = 0
========================================================================
Received Import Request.
  Time since last request: 3.612377 seconds.
  path: Assets/city
  artifactKey: Guid(cdcb4b3b06579034897bda8919dc9e5f) Importer(815301076,1909f56bfc062723c751e8b465ee728b)
Start importing Assets/city using Guid(cdcb4b3b06579034897bda8919dc9e5f) Importer(815301076,1909f56bfc062723c751e8b465ee728b)  -> (artifact id: 'b4f79a568af0e80441a71a95280d444d') in 0.000875 seconds
Number of updated asset objects reloaded before import = 0
Number of asset objects unloaded after import = 0
========================================================================
Received Import Request.
  Time since last request: 13.176237 seconds.
  path: Assets/city/source
  artifactKey: Guid(b2e5a017d40b15a4a8004a8945a1303a) Importer(815301076,1909f56bfc062723c751e8b465ee728b)
Start importing Assets/city/source using Guid(b2e5a017d40b15a4a8004a8945a1303a) Importer(815301076,1909f56bfc062723c751e8b465ee728b)  -> (artifact id: '34e63b5921d6ae680a5372e9affe0094') in 0.000578 seconds
Number of updated asset objects reloaded before import = 0
Number of asset objects unloaded after import = 0
========================================================================
Received Import Request.
  Time since last request: 0.648569 seconds.
  path: Assets/city/source/FirstResponderScene.fbx
  artifactKey: Guid(b09270d5f3d8c3842b0541e1c7b06782) Importer(815301076,1909f56bfc062723c751e8b465ee728b)
Start importing Assets/city/source/FirstResponderScene.fbx using Guid(b09270d5f3d8c3842b0541e1c7b06782) Importer(815301076,1909f56bfc062723c751e8b465ee728b)  -> (artifact id: 'd673ddce9a38ab5852f7c826c3c0d92b') in 0.641632 seconds
Number of updated asset objects reloaded before import = 0
Number of asset objects unloaded after import = 157
========================================================================
Received Import Request.
  Time since last request: 429.051518 seconds.
  path: Assets/city/textures/Construction_texture.png
  artifactKey: Guid(2aaadffb488a6f3498f315f43b0e8ae7) Importer(815301076,1909f56bfc062723c751e8b465ee728b)
Start importing Assets/city/textures/Construction_texture.png using Guid(2aaadffb488a6f3498f315f43b0e8ae7) Importer(815301076,1909f56bfc062723c751e8b465ee728b)  -> (artifact id: '9450163a0f8cfcc169fa8d218c3a9f65') in 0.035759 seconds
Number of updated asset objects reloaded before import = 0
Number of asset objects unloaded after import = 2
========================================================================
Received Import Request.
  Time since last request: 0.000037 seconds.
  path: Assets/city/textures/Material_Normal_OpenGL.png
  artifactKey: Guid(7b09ec3531106184ba879fee160e831f) Importer(815301076,1909f56bfc062723c751e8b465ee728b)
Start importing Assets/city/textures/Material_Normal_OpenGL.png using Guid(7b09ec3531106184ba879fee160e831f) Importer(815301076,1909f56bfc062723c751e8b465ee728b)  -> (artifact id: 'a9d752f63d71d8915f13146499fb4903') in 0.025367 seconds
Number of updated asset objects reloaded before import = 0
Number of asset objects unloaded after import = 2
========================================================================
Received Import Request.
  Time since last request: 0.000076 seconds.
  path: Assets/city/textures/Latao_texture.png
  artifactKey: Guid(4d16cc5a6a490d148bc7cc9b42464530) Importer(815301076,1909f56bfc062723c751e8b465ee728b)
Start importing Assets/city/textures/Latao_texture.png using Guid(4d16cc5a6a490d148bc7cc9b42464530) Importer(815301076,1909f56bfc062723c751e8b465ee728b)  -> (artifact id: 'e63ec1b51ff62f7a918ac59be93cd237') in 0.019093 seconds
Number of updated asset objects reloaded before import = 0
Number of asset objects unloaded after import = 2
========================================================================
Received Import Request.
  Time since last request: 0.000023 seconds.
  path: Assets/city/textures/Tree_texture.png
  artifactKey: Guid(066d32d21228c234da4acd7b96d03bfc) Importer(815301076,1909f56bfc062723c751e8b465ee728b)
Start importing Assets/city/textures/Tree_texture.png using Guid(066d32d21228c234da4acd7b96d03bfc) Importer(815301076,1909f56bfc062723c751e8b465ee728b)  -> (artifact id: 'bb1580f3b5609b75c815c15319764d5a') in 0.019103 seconds
Number of updated asset objects reloaded before import = 0
Number of asset objects unloaded after import = 2
========================================================================
Received Import Request.
  Time since last request: 0.000049 seconds.
  path: Assets/city/textures/Material_Base_Color.png
  artifactKey: Guid(3b5ccdb9992bc2647ba6b6570f157cc5) Importer(815301076,1909f56bfc062723c751e8b465ee728b)
Start importing Assets/city/textures/Material_Base_Color.png using Guid(3b5ccdb9992bc2647ba6b6570f157cc5) Importer(815301076,1909f56bfc062723c751e8b465ee728b)  -> (artifact id: 'b3ceab0cd00a335e2f1d3a60c091a599') in 0.025193 seconds
Number of updated asset objects reloaded before import = 0
Number of asset objects unloaded after import = 2
========================================================================
Received Import Request.
  Time since last request: 0.000025 seconds.
  path: Assets/city/textures/Textura_Normal_OpenGL.png
  artifactKey: Guid(c8dfdd8f53c501b46ac8aaaefe1af192) Importer(815301076,1909f56bfc062723c751e8b465ee728b)
Start importing Assets/city/textures/Textura_Normal_OpenGL.png using Guid(c8dfdd8f53c501b46ac8aaaefe1af192) Importer(815301076,1909f56bfc062723c751e8b465ee728b)  -> (artifact id: '661ebc0d1828b8e023ddbfd47860e58f') in 0.020020 seconds
Number of updated asset objects reloaded before import = 0
Number of asset objects unloaded after import = 2
========================================================================
Received Import Request.
  Time since last request: 0.000020 seconds.
  path: Assets/city/textures/WOODPLANKS_Base_Color.png
  artifactKey: Guid(21acb0117f476b042ae26a8078201fa7) Importer(815301076,1909f56bfc062723c751e8b465ee728b)
Start importing Assets/city/textures/WOODPLANKS_Base_Color.png using Guid(21acb0117f476b042ae26a8078201fa7) Importer(815301076,1909f56bfc062723c751e8b465ee728b)  -> (artifact id: 'e0321839d75281d4a8d5fe1f4521d5e4') in 0.018121 seconds
Number of updated asset objects reloaded before import = 0
Number of asset objects unloaded after import = 2
========================================================================
Received Import Request.
  Time since last request: 0.000021 seconds.
  path: Assets/city/textures/DOORSteps_Normal_OpenGL.png
  artifactKey: Guid(b8717a5228ef0954aaf24b2bce6c19f6) Importer(815301076,1909f56bfc062723c751e8b465ee728b)
Start importing Assets/city/textures/DOORSteps_Normal_OpenGL.png using Guid(b8717a5228ef0954aaf24b2bce6c19f6) Importer(815301076,1909f56bfc062723c751e8b465ee728b)  -> (artifact id: 'c35c96a73c94fd734b68385979eb9e67') in 0.019952 seconds
Number of updated asset objects reloaded before import = 0
Number of asset objects unloaded after import = 2
========================================================================
Received Import Request.
  Time since last request: 0.000028 seconds.
  path: Assets/city/textures/Material_Roughness.png
  artifactKey: Guid(602130d956dab15478f58a9e92541770) Importer(815301076,1909f56bfc062723c751e8b465ee728b)
Start importing Assets/city/textures/Material_Roughness.png using Guid(602130d956dab15478f58a9e92541770) Importer(815301076,1909f56bfc062723c751e8b465ee728b)  -> (artifact id: '6b744d4784fe3cd511dd70e1088963ea') in 0.020974 seconds
Number of updated asset objects reloaded before import = 0
Number of asset objects unloaded after import = 2
========================================================================
Received Import Request.
  Time since last request: 0.000017 seconds.
  path: Assets/city/textures/Rua_Texture.png
  artifactKey: Guid(8f6870ed922f66c4f9a6225a283ea7b2) Importer(815301076,1909f56bfc062723c751e8b465ee728b)
Start importing Assets/city/textures/Rua_Texture.png using Guid(8f6870ed922f66c4f9a6225a283ea7b2) Importer(815301076,1909f56bfc062723c751e8b465ee728b)  -> (artifact id: '4b242142bc6d027d088ad609ddb5bb98') in 0.020890 seconds
Number of updated asset objects reloaded before import = 0
Number of asset objects unloaded after import = 2
Editor requested this worker to shutdown with reason: Scaling down because of idle timeout
TcpMessagingSession - receive error: operation aborted. errorcode: 995, details: L’opération d’entrée/sortie a été abandonnée en raison de l’arrêt d’un thread ou à la demande d’une application.
AssetImportWorker is now disconnected from the server
Process exiting
Exiting without the bug reporter. Application will terminate with return code 0